[INFO] Scanning for projects...
[INFO] 
[INFO] -------------< com.newsaggregator:news-aggregator-backend >-------------
[INFO] Building news-aggregator-backend 0.0.1-SNAPSHOT
[INFO]   from pom.xml
[INFO] --------------------------------[ jar ]---------------------------------
[INFO] 
[INFO] --- dependency:3.6.1:tree (default-cli) @ news-aggregator-backend ---
[INFO] com.newsaggregator:news-aggregator-backend:jar:0.0.1-SNAPSHOT
[INFO] +- org.springframework.boot:spring-boot-starter-data-jpa:jar:3.3.0:compile
[INFO] |  +- org.springframework.boot:spring-boot-starter-aop:jar:3.3.0:compile
[INFO] |  |  \- org.aspectj:aspectjweaver:jar:1.9.22:compile
[INFO] |  +- org.springframework.boot:spring-boot-starter-jdbc:jar:3.3.0:compile
[INFO] |  |  +- com.zaxxer:HikariCP:jar:5.1.0:compile
[INFO] |  |  \- org.springframework:spring-jdbc:jar:6.1.8:compile
[INFO] |  +- org.hibernate.orm:hibernate-core:jar:6.5.2.Final:compile
[INFO] |  |  +- jakarta.persistence:jakarta.persistence-api:jar:3.1.0:compile
[INFO] |  |  +- jakarta.transaction:jakarta.transaction-api:jar:2.0.1:compile
[INFO] |  |  +- io.smallrye:jandex:jar:3.1.2:runtime
[INFO] |  |  +- net.bytebuddy:byte-buddy:jar:1.14.16:runtime
[INFO] |  |  +- org.glassfish.jaxb:jaxb-runtime:jar:4.0.5:runtime
[INFO] |  |  |  \- org.glassfish.jaxb:jaxb-core:jar:4.0.5:runtime
[INFO] |  |  |     +- org.eclipse.angus:angus-activation:jar:2.0.2:runtime
[INFO] |  |  |     +- org.glassfish.jaxb:txw2:jar:4.0.5:runtime
[INFO] |  |  |     \- com.sun.istack:istack-commons-runtime:jar:4.1.2:runtime
[INFO] |  |  +- jakarta.inject:jakarta.inject-api:jar:2.0.1:runtime
[INFO] |  |  \- org.antlr:antlr4-runtime:jar:4.13.0:compile
[INFO] |  +- org.springframework.data:spring-data-jpa:jar:3.3.0:compile
[INFO] |  |  +- org.springframework.data:spring-data-commons:jar:3.3.0:compile
[INFO] |  |  +- org.springframework:spring-orm:jar:6.1.8:compile
[INFO] |  |  +- org.springframework:spring-context:jar:6.1.8:compile
[INFO] |  |  +- org.springframework:spring-tx:jar:6.1.8:compile
[INFO] |  |  +- org.springframework:spring-beans:jar:6.1.8:compile
[INFO] |  |  +- jakarta.annotation:jakarta.annotation-api:jar:2.1.1:compile
[INFO] |  |  \- org.slf4j:slf4j-api:jar:2.0.13:compile
[INFO] |  \- org.springframework:spring-aspects:jar:6.1.8:compile
[INFO] +- org.springframework.boot:spring-boot-starter-security:jar:3.3.0:compile
[INFO] |  +- org.springframework.boot:spring-boot-starter:jar:3.3.0:compile
[INFO] |  |  +- org.springframework.boot:spring-boot-starter-logging:jar:3.3.0:compile
[INFO] |  |  |  +- ch.qos.logback:logback-classic:jar:1.5.6:compile
[INFO] |  |  |  |  \- ch.qos.logback:logback-core:jar:1.5.6:compile
[INFO] |  |  |  +- org.apache.logging.log4j:log4j-to-slf4j:jar:2.23.1:compile
[INFO] |  |  |  |  \- org.apache.logging.log4j:log4j-api:jar:2.23.1:compile
[INFO] |  |  |  \- org.slf4j:jul-to-slf4j:jar:2.0.13:compile
[INFO] |  |  \- org.yaml:snakeyaml:jar:2.2:compile
[INFO] |  +- org.springframework:spring-aop:jar:6.1.8:compile
[INFO] |  +- org.springframework.security:spring-security-config:jar:6.3.0:compile
[INFO] |  \- org.springframework.security:spring-security-web:jar:6.3.0:compile
[INFO] |     \- org.springframework:spring-expression:jar:6.1.8:compile
[INFO] +- org.springframework.boot:spring-boot-starter-web:jar:3.3.0:compile
[INFO] |  +- org.springframework.boot:spring-boot-starter-json:jar:3.3.0:compile
[INFO] |  |  +- com.fasterxml.jackson.datatype:jackson-datatype-jdk8:jar:2.17.1:compile
[INFO] |  |  \- com.fasterxml.jackson.module:jackson-module-parameter-names:jar:2.17.1:compile
[INFO] |  +- org.springframework.boot:spring-boot-starter-tomcat:jar:3.3.0:compile
[INFO] |  |  +- org.apache.tomcat.embed:tomcat-embed-core:jar:10.1.24:compile
[INFO] |  |  +- org.apache.tomcat.embed:tomcat-embed-el:jar:10.1.24:compile
[INFO] |  |  \- org.apache.tomcat.embed:tomcat-embed-websocket:jar:10.1.24:compile
[INFO] |  +- org.springframework:spring-web:jar:6.1.8:compile
[INFO] |  |  \- io.micrometer:micrometer-observation:jar:1.13.0:compile
[INFO] |  |     \- io.micrometer:micrometer-commons:jar:1.13.0:compile
[INFO] |  \- org.springframework:spring-webmvc:jar:6.1.8:compile
[INFO] +- org.springframework.boot:spring-boot-devtools:jar:3.3.0:runtime
[INFO] |  +- org.springframework.boot:spring-boot:jar:3.3.0:compile
[INFO] |  \- org.springframework.boot:spring-boot-autoconfigure:jar:3.3.0:compile
[INFO] +- com.mysql:mysql-connector-j:jar:8.3.0:runtime
[INFO] +- org.projectlombok:lombok:jar:1.18.30:compile
[INFO] +- org.springframework.boot:spring-boot-starter-test:jar:3.3.0:test
[INFO] |  +- org.springframework.boot:spring-boot-test:jar:3.3.0:test
[INFO] |  +- org.springframework.boot:spring-boot-test-autoconfigure:jar:3.3.0:test
[INFO] |  +- com.jayway.jsonpath:json-path:jar:2.9.0:test
[INFO] |  +- jakarta.xml.bind:jakarta.xml.bind-api:jar:4.0.2:runtime
[INFO] |  |  \- jakarta.activation:jakarta.activation-api:jar:2.1.3:runtime
[INFO] |  +- net.minidev:json-smart:jar:2.5.1:test
[INFO] |  |  \- net.minidev:accessors-smart:jar:2.5.1:test
[INFO] |  |     \- org.ow2.asm:asm:jar:9.6:test
[INFO] |  +- org.assertj:assertj-core:jar:3.25.3:test
[INFO] |  +- org.awaitility:awaitility:jar:4.2.1:test
[INFO] |  +- org.hamcrest:hamcrest:jar:2.2:test
[INFO] |  +- org.junit.jupiter:junit-jupiter:jar:5.10.2:test
[INFO] |  |  +- org.junit.jupiter:junit-jupiter-api:jar:5.10.2:test
[INFO] |  |  |  +- org.opentest4j:opentest4j:jar:1.3.0:test
[INFO] |  |  |  +- org.junit.platform:junit-platform-commons:jar:1.10.2:test
[INFO] |  |  |  \- org.apiguardian:apiguardian-api:jar:1.1.2:test
[INFO] |  |  +- org.junit.jupiter:junit-jupiter-params:jar:5.10.2:test
[INFO] |  |  \- org.junit.jupiter:junit-jupiter-engine:jar:5.10.2:test
[INFO] |  |     \- org.junit.platform:junit-platform-engine:jar:1.10.2:test
[INFO] |  +- org.mockito:mockito-core:jar:5.11.0:test
[INFO] |  |  +- net.bytebuddy:byte-buddy-agent:jar:1.14.16:test
[INFO] |  |  \- org.objenesis:objenesis:jar:3.3:test
[INFO] |  +- org.mockito:mockito-junit-jupiter:jar:5.11.0:test
[INFO] |  +- org.skyscreamer:jsonassert:jar:1.5.1:test
[INFO] |  |  \- com.vaadin.external.google:android-json:jar:0.0.20131108.vaadin1:test
[INFO] |  +- org.springframework:spring-core:jar:6.1.8:compile
[INFO] |  |  \- org.springframework:spring-jcl:jar:6.1.8:compile
[INFO] |  +- org.springframework:spring-test:jar:6.1.8:test
[INFO] |  \- org.xmlunit:xmlunit-core:jar:2.9.1:test
[INFO] +- org.springframework.security:spring-security-test:jar:6.3.0:test
[INFO] |  \- org.springframework.security:spring-security-core:jar:6.3.0:compile
[INFO] |     \- org.springframework.security:spring-security-crypto:jar:6.3.0:compile
[INFO] +- jakarta.validation:jakarta.validation-api:jar:3.0.2:compile
[INFO] +- org.hibernate.validator:hibernate-validator:jar:8.0.1.Final:compile
[INFO] |  +- org.jboss.logging:jboss-logging:jar:3.5.3.Final:compile
[INFO] |  \- com.fasterxml:classmate:jar:1.7.0:compile
[INFO] +- com.fasterxml.jackson.core:jackson-databind:jar:2.17.1:compile
[INFO] |  +- com.fasterxml.jackson.core:jackson-annotations:jar:2.17.1:compile
[INFO] |  \- com.fasterxml.jackson.core:jackson-core:jar:2.17.1:compile
[INFO] +- com.fasterxml.jackson.datatype:jackson-datatype-jsr310:jar:2.17.1:compile
[INFO] +- com.squareup.okhttp3:okhttp:jar:4.10.0:compile
[INFO] |  +- com.squareup.okio:okio-jvm:jar:3.0.0:compile
[INFO] |  |  +- org.jetbrains.kotlin:kotlin-stdlib-jdk8:jar:1.9.24:compile
[INFO] |  |  |  \- org.jetbrains.kotlin:kotlin-stdlib-jdk7:jar:1.9.24:compile
[INFO] |  |  \- org.jetbrains.kotlin:kotlin-stdlib-common:jar:1.9.24:compile
[INFO] |  \- org.jetbrains.kotlin:kotlin-stdlib:jar:1.9.24:compile
[INFO] |     \- org.jetbrains:annotations:jar:13.0:compile
[INFO] +- com.google.code.gson:gson:jar:2.10.1:compile
[INFO] +- org.hibernate.search:hibernate-search-mapper-orm:jar:6.2.1.Final:compile
[INFO] |  +- org.hibernate.search:hibernate-search-engine:jar:6.2.1.Final:compile
[INFO] |  +- org.hibernate.search:hibernate-search-mapper-pojo-base:jar:6.2.1.Final:compile
[INFO] |  +- org.hibernate.search:hibernate-search-util-common:jar:6.2.1.Final:compile
[INFO] |  |  \- org.jboss:jandex:jar:2.4.2.Final:compile
[INFO] |  +- javax.persistence:javax.persistence-api:jar:2.2:compile
[INFO] |  \- org.hibernate.common:hibernate-commons-annotations:jar:5.1.2.Final:compile
[INFO] \- org.hibernate.search:hibernate-search-backend-lucene:jar:6.2.1.Final:compile
[INFO]    +- org.apache.lucene:lucene-core:jar:8.11.2:compile
[INFO]    +- org.apache.lucene:lucene-analyzers-common:jar:8.11.2:compile
[INFO]    +- org.apache.lucene:lucene-queryparser:jar:8.11.2:compile
[INFO]    |  \- org.apache.lucene:lucene-queries:jar:8.11.2:compile
[INFO]    +- org.apache.lucene:lucene-join:jar:8.11.2:compile
[INFO]    +- org.apache.lucene:lucene-facet:jar:8.11.2:compile
[INFO]    +- com.carrotsearch:hppc:jar:0.8.1:compile
[INFO]    \- org.apache.lucene:lucene-highlighter:jar:8.11.2:compile
[INFO]       \- org.apache.lucene:lucene-memory:jar:8.11.2:compile
[INFO] ------------------------------------------------------------------------
[INFO] BUILD SUCCESS
[INFO] ------------------------------------------------------------------------
[INFO] Total time:  8.904 s
[INFO] Finished at: 2025-06-07T12:43:31+05:30
[INFO] ------------------------------------------------------------------------
